[20260201_161145] index:0;amount:42;created
[20260201_161145] index:1;amount:54;created
[20260201_161145] index:2;amount:957;created
[20260201_161145] index:3;amount:432;created
[20260201_161145] index:4;amount:1234;created
[20260201_161145] index:5;amount:0;created
[20260201_161145] index:6;amount:754;created
[20260201_161145] index:7;amount:16576;created
[20260201_161145] accounts:8;total:20049;deposits:0;withdrawals:0
[20260201_161145] index:0;amount:42;deposits:0;withdrawals:0
[20260201_161145] index:1;amount:54;deposits:0;withdrawals:0
[20260201_161145] index:2;amount:957;deposits:0;withdrawals:0
[20260201_161145] index:3;amount:432;deposits:0;withdrawals:0
[20260201_161145] index:4;amount:1234;deposits:0;withdrawals:0
[20260201_161145] index:5;amount:0;deposits:0;withdrawals:0
[20260201_161145] index:6;amount:754;deposits:0;withdrawals:0
[20260201_161145] index:7;amount:16576;deposits:0;withdrawals:0
[20260201_161145] index:0;p_amount:42;deposit:5;amount:47;nb_deposits:1
[20260201_161145] index:1;p_amount:54;deposit:765;amount:819;nb_deposits:1
[20260201_161145] index:2;p_amount:957;deposit:564;amount:1521;nb_deposits:1
[20260201_161145] index:3;p_amount:432;deposit:2;amount:434;nb_deposits:1
[20260201_161145] index:4;p_amount:1234;deposit:87;amount:1321;nb_deposits:1
[20260201_161145] index:5;p_amount:0;deposit:23;amount:23;nb_deposits:1
[20260201_161145] index:6;p_amount:754;deposit:9;amount:763;nb_deposits:1
[20260201_161145] index:7;p_amount:16576;deposit:20;amount:16596;nb_deposits:1
[20260201_161145] accounts:8;total:21524;deposits:8;withdrawals:0
[20260201_161145] index:0;amount:47;deposits:1;withdrawals:0
[20260201_161145] index:1;amount:819;deposits:1;withdrawals:0
[20260201_161145] index:2;amount:1521;deposits:1;withdrawals:0
[20260201_161145] index:3;amount:434;deposits:1;withdrawals:0
[20260201_161145] index:4;amount:1321;deposits:1;withdrawals:0
[20260201_161145] index:5;amount:23;deposits:1;withdrawals:0
[20260201_161145] index:6;amount:763;deposits:1;withdrawals:0
[20260201_161145] index:7;amount:16596;deposits:1;withdrawals:0
[20260201_161145] accounts:8;total:21524;deposits:8;withdrawals:0
[20260201_161145] index:0;amount:47;closed
[20260201_161145] index:1;amount:819;closed
[20260201_161145] index:2;amount:1521;closed
[20260201_161145] index:3;amount:434;closed
[20260201_161145] index:4;amount:1321;closed
[20260201_161145] index:5;amount:23;closed
[20260201_161145] index:6;amount:763;closed
[20260201_161145] index:7;amount:16596;closed
